<?xml version="1.0" encoding="UTF-8"?>
<testsuite name="tests.LoginTest" tests="3" skipped="0" failures="0" errors="0" timestamp="2024-02-13T17:36:04" hostname="MacbookPro.local" time="25.485">
  <properties/>
  <testcase name="Проверка модального окна Стать клиентом Триколора" classname="tests.LoginTest" time="14.329"/>
  <testcase name="Попытка авторизации без заполнения логина и пароля" classname="tests.LoginTest" time="4.218"/>
  <testcase name="Неуспешная авторизация с неверным паролем" classname="tests.LoginTest" time="6.919"/>
  <system-out><![CDATA[]]></system-out>
  <system-err><![CDATA[февр. 13, 2024 8:36:18 PM org.openqa.selenium.remote.http.WebSocket$Listener onError
WARNING: Connection reset
java.net.SocketException: Connection reset
	at java.base/sun.nio.ch.SocketChannelImpl.throwConnectionReset(SocketChannelImpl.java:394)
	at java.base/sun.nio.ch.SocketChannelImpl.read(SocketChannelImpl.java:426)
	at io.netty.buffer.PooledByteBuf.setBytes(PooledByteBuf.java:254)
	at io.netty.buffer.AbstractByteBuf.writeBytes(AbstractByteBuf.java:1132)
	at io.netty.channel.socket.nio.NioSocketChannel.doReadBytes(NioSocketChannel.java:357)
	at io.netty.channel.nio.AbstractNioByteChannel$NioByteUnsafe.read(AbstractNioByteChannel.java:151)
	at io.netty.channel.nio.NioEventLoop.processSelectedKey(NioEventLoop.java:788)
	at io.netty.channel.nio.NioEventLoop.processSelectedKeysOptimized(NioEventLoop.java:724)
	at io.netty.channel.nio.NioEventLoop.processSelectedKeys(NioEventLoop.java:650)
	at io.netty.channel.nio.NioEventLoop.run(NioEventLoop.java:562)
	at io.netty.util.concurrent.SingleThreadEventExecutor$4.run(SingleThreadEventExecutor.java:997)
	at io.netty.util.internal.ThreadExecutorMap$2.run(ThreadExecutorMap.java:74)
	at io.netty.util.concurrent.FastThreadLocalRunnable.run(FastThreadLocalRunnable.java:30)
	at java.base/java.lang.Thread.run(Thread.java:833)

]]></system-err>
</testsuite>
